<?xml version="1.0" encoding="UTF-8"?>
<testng-results total="1" passed="1" failed="0" skipped="0">
  <reporter-output>
  </reporter-output>
  <suite started-at="2023-07-12T07:17:16Z" name="Suite" finished-at="2023-07-12T07:17:20Z" duration-ms="4139">
    <groups>
    </groups>
    <test started-at="2023-07-12T07:17:16Z" name="Test" finished-at="2023-07-12T07:17:20Z" duration-ms="4139">
      <class name="practice.HybridPractice.tests.LoginTest">
        <test-method is-config="true" signature="InitiateObjects()[pri:0, instance:practice.HybridPractice.tests.LoginTest@312aa7c]" started-at="2023-07-12T12:47:16Z" name="InitiateObjects" finished-at="2023-07-12T12:47:16Z" duration-ms="4" status="PASS">
          <reporter-output>
          </reporter-output>
        </test-method> <!-- InitiateObjects -->
        <test-method is-config="true" signature="setup()[pri:0, instance:practice.HybridPractice.tests.LoginTest@312aa7c]" started-at="2023-07-12T12:47:16Z" name="setup" finished-at="2023-07-12T12:47:19Z" duration-ms="3528" status="PASS">
          <reporter-output>
          </reporter-output>
        </test-method> <!-- setup -->
        <test-method signature="loginApplication()[pri:0, instance:practice.HybridPractice.tests.LoginTest@312aa7c]" started-at="2023-07-12T12:47:19Z" name="loginApplication" finished-at="2023-07-12T12:47:20Z" duration-ms="458" status="PASS">
          <reporter-output>
          </reporter-output>
        </test-method> <!-- loginApplication -->
        <test-method is-config="true" signature="teardownMethod(org.testng.ITestResult)[pri:0, instance:practice.HybridPractice.tests.LoginTest@312aa7c]" started-at="2023-07-12T12:47:20Z" name="teardownMethod" finished-at="2023-07-12T12:47:20Z" duration-ms="0" status="PASS">
          <params>
            <param index="0">
              <value>
                <![CDATA[[TestResult name=loginApplication status=SUCCESS method=LoginTest.loginApplication()[pri:0, instance:practice.HybridPractice.tests.LoginTest@312aa7c] output={null}]]]>
              </value>
            </param>
          </params>
          <reporter-output>
          </reporter-output>
        </test-method> <!-- teardownMethod -->
        <test-method is-config="true" signature="teardown()[pri:0, instance:practice.HybridPractice.tests.LoginTest@312aa7c]" started-at="2023-07-12T12:47:20Z" name="teardown" finished-at="2023-07-12T12:47:20Z" duration-ms="138" status="PASS">
          <reporter-output>
          </reporter-output>
        </test-method> <!-- teardown -->
      </class> <!-- practice.HybridPractice.tests.LoginTest -->
    </test> <!-- Test -->
  </suite> <!-- Suite -->
</testng-results>
